==============================================================================
Scripts                                                                       
==============================================================================
Scripts.Login :: Login Test Cases Using Robot and Selenium Library            
==============================================================================
TC 01 Test login with Invalid user                                    | FAIL |
Element 'hmenu-customer-name' did not appear in 5 seconds.
------------------------------------------------------------------------------
TC 02 Create new user account                                         | FAIL |
Element 'hmenu-customer-name' did not appear in 5 seconds.
------------------------------------------------------------------------------
Scripts.Login :: Login Test Cases Using Robot and Selenium Library    | FAIL |
2 critical tests, 0 passed, 2 failed
2 tests total, 0 passed, 2 failed
==============================================================================
Scripts                                                               | FAIL |
2 critical tests, 0 passed, 2 failed
2 tests total, 0 passed, 2 failed
==============================================================================
Output:  C:\Users\masaw\PycharmProjects\RobotAuto\zParallelresult\pabot_results\1\output.xml
